[5.258s] DEBUG:colcon:Command line arguments: ['/usr/bin/colcon', 'build']
[5.259s] DEBUG:colcon:Parsed command line arguments: Namespace(log_base=None, log_level=None, verb_name='build', build_base='build', install_base='install', merge_install=False, symlink_install=False, test_result_base=None, continue_on_error=False, executor='parallel', parallel_workers=1, event_handlers=None, ignore_user_meta=False, metas=['./colcon.meta'], base_paths=['.'], packages_ignore=None, packages_ignore_regex=None, paths=None, packages_up_to=None, packages_up_to_regex=None, packages_above=None, packages_above_and_dependencies=None, packages_above_depth=None, packages_select_by_dep=None, packages_skip_by_dep=None, packages_skip_up_to=None, packages_select_build_failed=False, packages_skip_build_finished=False, packages_select_test_failures=False, packages_skip_test_passed=False, packages_select=None, packages_skip=None, packages_select_regex=None, packages_skip_regex=None, packages_start=None, packages_end=None, allow_overriding=[], cmake_args=None, cmake_target=None, cmake_target_skip_unavailable=False, cmake_clean_cache=False, cmake_clean_first=False, cmake_force_configure=False, ament_cmake_args=None, catkin_cmake_args=None, catkin_skip_building_tests=False, verb_parser=<colcon_defaults.argument_parser.defaults.DefaultArgumentsDecorator object at 0x7fd398faa860>, verb_extension=<colcon_core.verb.build.BuildVerb object at 0x7fd398f82f50>, main=<bound method BuildVerb.main of <colcon_core.verb.build.BuildVerb object at 0x7fd398f82f50>>)
[5.490s] Level 1:colcon.colcon_core.package_discovery:discover_packages(colcon_meta) check parameters
[5.490s] Level 1:colcon.colcon_core.package_discovery:discover_packages(recursive) check parameters
[5.490s] Level 1:colcon.colcon_core.package_discovery:discover_packages(ignore) check parameters
[5.490s] Level 1:colcon.colcon_core.package_discovery:discover_packages(path) check parameters
[5.490s] Level 1:colcon.colcon_core.package_discovery:discover_packages(colcon_meta) discover
[5.491s] Level 1:colcon.colcon_core.package_discovery:discover_packages(recursive) discover
[5.491s] INFO:colcon.colcon_core.package_discovery:Crawling recursively for packages in '/home/siddy/mrt_ws_2'
[5.491s] Level 1:colcon.colcon_core.package_identification:_identify(.) by extensions ['ignore', 'ignore_ament_install']
[5.491s] Level 1:colcon.colcon_core.package_identification:_identify(.) by extension 'ignore'
[5.491s] Level 1:colcon.colcon_core.package_identification:_identify(.) by extension 'ignore_ament_install'
[5.491s] Level 1:colcon.colcon_core.package_identification:_identify(.) by extensions ['colcon_pkg']
[5.491s] Level 1:colcon.colcon_core.package_identification:_identify(.) by extension 'colcon_pkg'
[5.491s] Level 1:colcon.colcon_core.package_identification:_identify(.) by extensions ['colcon_meta']
[5.491s] Level 1:colcon.colcon_core.package_identification:_identify(.) by extension 'colcon_meta'
[5.491s] Level 1:colcon.colcon_core.package_identification:_identify(.) by extensions ['ros']
[5.491s] Level 1:colcon.colcon_core.package_identification:_identify(.) by extension 'ros'
[5.555s] Level 1:colcon.colcon_core.package_identification:_identify(.) by extensions ['cmake', 'python']
[5.555s] Level 1:colcon.colcon_core.package_identification:_identify(.) by extension 'cmake'
[5.555s] Level 1:colcon.colcon_core.package_identification:_identify(.) by extension 'python'
[5.556s] Level 1:colcon.colcon_core.package_identification:_identify(.) by extensions ['python_setup_py']
[5.556s] Level 1:colcon.colcon_core.package_identification:_identify(.) by extension 'python_setup_py'
[5.556s] Level 1:colcon.colcon_core.package_identification:_identify(build) by extensions ['ignore', 'ignore_ament_install']
[5.556s] Level 1:colcon.colcon_core.package_identification:_identify(build) by extension 'ignore'
[5.556s] Level 1:colcon.colcon_core.package_identification:_identify(build) ignored
[5.556s] Level 1:colcon.colcon_core.package_identification:_identify(install) by extensions ['ignore', 'ignore_ament_install']
[5.556s] Level 1:colcon.colcon_core.package_identification:_identify(install) by extension 'ignore'
[5.557s] Level 1:colcon.colcon_core.package_identification:_identify(install) ignored
[5.557s] Level 1:colcon.colcon_core.package_identification:_identify(log) by extensions ['ignore', 'ignore_ament_install']
[5.557s] Level 1:colcon.colcon_core.package_identification:_identify(log) by extension 'ignore'
[5.557s] Level 1:colcon.colcon_core.package_identification:_identify(log) ignored
[5.557s] Level 1:colcon.colcon_core.package_identification:_identify(src) by extensions ['ignore', 'ignore_ament_install']
[5.557s] Level 1:colcon.colcon_core.package_identification:_identify(src) by extension 'ignore'
[5.557s] Level 1:colcon.colcon_core.package_identification:_identify(src) by extension 'ignore_ament_install'
[5.557s] Level 1:colcon.colcon_core.package_identification:_identify(src) by extensions ['colcon_pkg']
[5.557s] Level 1:colcon.colcon_core.package_identification:_identify(src) by extension 'colcon_pkg'
[5.557s] Level 1:colcon.colcon_core.package_identification:_identify(src) by extensions ['colcon_meta']
[5.558s] Level 1:colcon.colcon_core.package_identification:_identify(src) by extension 'colcon_meta'
[5.558s] Level 1:colcon.colcon_core.package_identification:_identify(src) by extensions ['ros']
[5.558s] Level 1:colcon.colcon_core.package_identification:_identify(src) by extension 'ros'
[5.558s] Level 1:colcon.colcon_core.package_identification:_identify(src) by extensions ['cmake', 'python']
[5.558s] Level 1:colcon.colcon_core.package_identification:_identify(src) by extension 'cmake'
[5.558s] Level 1:colcon.colcon_core.package_identification:_identify(src) by extension 'python'
[5.558s] Level 1:colcon.colcon_core.package_identification:_identify(src) by extensions ['python_setup_py']
[5.558s] Level 1:colcon.colcon_core.package_identification:_identify(src) by extension 'python_setup_py'
[5.558s] Level 1:colcon.colcon_core.package_identification:_identify(src/aruco_corners) by extensions ['ignore', 'ignore_ament_install']
[5.558s] Level 1:colcon.colcon_core.package_identification:_identify(src/aruco_corners) by extension 'ignore'
[5.558s] Level 1:colcon.colcon_core.package_identification:_identify(src/aruco_corners) by extension 'ignore_ament_install'
[5.558s] Level 1:colcon.colcon_core.package_identification:_identify(src/aruco_corners) by extensions ['colcon_pkg']
[5.559s] Level 1:colcon.colcon_core.package_identification:_identify(src/aruco_corners) by extension 'colcon_pkg'
[5.559s] Level 1:colcon.colcon_core.package_identification:_identify(src/aruco_corners) by extensions ['colcon_meta']
[5.559s] Level 1:colcon.colcon_core.package_identification:_identify(src/aruco_corners) by extension 'colcon_meta'
[5.559s] Level 1:colcon.colcon_core.package_identification:_identify(src/aruco_corners) by extensions ['ros']
[5.559s] Level 1:colcon.colcon_core.package_identification:_identify(src/aruco_corners) by extension 'ros'
[5.576s] DEBUG:colcon.colcon_core.package_identification:Package 'src/aruco_corners' with type 'ros.ament_cmake' and name 'aruco_corners'
[5.576s] Level 1:colcon.colcon_core.package_identification:_identify(src/aruco_detect_pkg) by extensions ['ignore', 'ignore_ament_install']
[5.577s] Level 1:colcon.colcon_core.package_identification:_identify(src/aruco_detect_pkg) by extension 'ignore'
[5.577s] Level 1:colcon.colcon_core.package_identification:_identify(src/aruco_detect_pkg) by extension 'ignore_ament_install'
[5.577s] Level 1:colcon.colcon_core.package_identification:_identify(src/aruco_detect_pkg) by extensions ['colcon_pkg']
[5.577s] Level 1:colcon.colcon_core.package_identification:_identify(src/aruco_detect_pkg) by extension 'colcon_pkg'
[5.577s] Level 1:colcon.colcon_core.package_identification:_identify(src/aruco_detect_pkg) by extensions ['colcon_meta']
[5.577s] Level 1:colcon.colcon_core.package_identification:_identify(src/aruco_detect_pkg) by extension 'colcon_meta'
[5.577s] Level 1:colcon.colcon_core.package_identification:_identify(src/aruco_detect_pkg) by extensions ['ros']
[5.577s] Level 1:colcon.colcon_core.package_identification:_identify(src/aruco_detect_pkg) by extension 'ros'
[5.578s] DEBUG:colcon.colcon_core.package_identification:Package 'src/aruco_detect_pkg' with type 'ros.ament_python' and name 'aruco_detect_pkg'
[5.578s] Level 1:colcon.colcon_core.package_identification:_identify(src/tutorial_interfaces) by extensions ['ignore', 'ignore_ament_install']
[5.578s] Level 1:colcon.colcon_core.package_identification:_identify(src/tutorial_interfaces) by extension 'ignore'
[5.579s] Level 1:colcon.colcon_core.package_identification:_identify(src/tutorial_interfaces) by extension 'ignore_ament_install'
[5.579s] Level 1:colcon.colcon_core.package_identification:_identify(src/tutorial_interfaces) by extensions ['colcon_pkg']
[5.579s] Level 1:colcon.colcon_core.package_identification:_identify(src/tutorial_interfaces) by extension 'colcon_pkg'
[5.579s] Level 1:colcon.colcon_core.package_identification:_identify(src/tutorial_interfaces) by extensions ['colcon_meta']
[5.579s] Level 1:colcon.colcon_core.package_identification:_identify(src/tutorial_interfaces) by extension 'colcon_meta'
[5.579s] Level 1:colcon.colcon_core.package_identification:_identify(src/tutorial_interfaces) by extensions ['ros']
[5.579s] Level 1:colcon.colcon_core.package_identification:_identify(src/tutorial_interfaces) by extension 'ros'
[5.580s] DEBUG:colcon.colcon_core.package_identification:Package 'src/tutorial_interfaces' with type 'ros.ament_cmake' and name 'tutorial_interfaces'
[5.580s] Level 1:colcon.colcon_core.package_discovery:discover_packages(recursive) using defaults
[5.580s] Level 1:colcon.colcon_core.package_discovery:discover_packages(ignore) discover
[5.580s] Level 1:colcon.colcon_core.package_discovery:discover_packages(ignore) using defaults
[5.580s] Level 1:colcon.colcon_core.package_discovery:discover_packages(path) discover
[5.580s] Level 1:colcon.colcon_core.package_discovery:discover_packages(path) using defaults
[6.024s] Level 1:colcon.colcon_core.package_discovery:discover_packages(prefix_path) check parameters
[6.024s] Level 1:colcon.colcon_core.package_discovery:discover_packages(prefix_path) discover
[6.097s] WARNING:colcon.colcon_ros.prefix_path.ament:The path '/home/siddy/mrt_ws_2/install/aruco_detect_pkg' in the environment variable AMENT_PREFIX_PATH doesn't exist
[6.121s] WARNING:colcon.colcon_ros.prefix_path.ament:The path '/home/siddy/mrt_ws_2/install/tutorial_interfaces' in the environment variable AMENT_PREFIX_PATH doesn't exist
[6.121s] WARNING:colcon.colcon_ros.prefix_path.ament:The path '/home/siddy/mrt_ws_2/install/aruco_corners' in the environment variable AMENT_PREFIX_PATH doesn't exist
[6.123s] WARNING:colcon.colcon_ros.prefix_path.catkin:The path '/home/siddy/mrt_ws_2/install/tutorial_interfaces' in the environment variable CMAKE_PREFIX_PATH doesn't exist
[6.123s] WARNING:colcon.colcon_ros.prefix_path.catkin:The path '/home/siddy/mrt_ws_2/install/aruco_corners' in the environment variable CMAKE_PREFIX_PATH doesn't exist
[6.205s] DEBUG:colcon.colcon_installed_package_information.package_discovery:Found 0 installed packages in /home/siddy/mrt_ws_2/install
[6.300s] DEBUG:colcon.colcon_installed_package_information.package_discovery:Found 4 installed packages in /home/siddy/mrt_ws/install
[6.399s] DEBUG:colcon.colcon_installed_package_information.package_discovery:Found 23 installed packages in /home/siddy/ros2_ws/install
[6.491s] DEBUG:colcon.colcon_installed_package_information.package_discovery:Found 271 installed packages in /opt/ros/humble
[6.495s] Level 1:colcon.colcon_core.package_discovery:discover_packages(prefix_path) using defaults
[6.944s] Level 5:colcon.colcon_core.verb:set package 'aruco_corners' build argument 'cmake_args' from command line to 'None'
[6.944s] Level 5:colcon.colcon_core.verb:set package 'aruco_corners' build argument 'cmake_target' from command line to 'None'
[6.944s] Level 5:colcon.colcon_core.verb:set package 'aruco_corners' build argument 'cmake_target_skip_unavailable' from command line to 'False'
[6.944s] Level 5:colcon.colcon_core.verb:set package 'aruco_corners' build argument 'cmake_clean_cache' from command line to 'False'
[6.967s] Level 5:colcon.colcon_core.verb:set package 'aruco_corners' build argument 'cmake_clean_first' from command line to 'False'
[6.968s] Level 5:colcon.colcon_core.verb:set package 'aruco_corners' build argument 'cmake_force_configure' from command line to 'False'
[6.968s] Level 5:colcon.colcon_core.verb:set package 'aruco_corners' build argument 'ament_cmake_args' from command line to 'None'
[6.968s] Level 5:colcon.colcon_core.verb:set package 'aruco_corners' build argument 'catkin_cmake_args' from command line to 'None'
[6.968s] Level 5:colcon.colcon_core.verb:set package 'aruco_corners' build argument 'catkin_skip_building_tests' from command line to 'False'
[6.968s] DEBUG:colcon.colcon_core.verb:Building package 'aruco_corners' with the following arguments: {'ament_cmake_args': None, 'build_base': '/home/siddy/mrt_ws_2/build/aruco_corners', 'catkin_cmake_args': None, 'catkin_skip_building_tests': False, 'cmake_args': None, 'cmake_clean_cache': False, 'cmake_clean_first': False, 'cmake_force_configure': False, 'cmake_target': None, 'cmake_target_skip_unavailable': False, 'install_base': '/home/siddy/mrt_ws_2/install/aruco_corners', 'merge_install': False, 'path': '/home/siddy/mrt_ws_2/src/aruco_corners', 'symlink_install': False, 'test_result_base': None}
[7.061s] Level 5:colcon.colcon_core.verb:set package 'tutorial_interfaces' build argument 'cmake_args' from command line to 'None'
[7.061s] Level 5:colcon.colcon_core.verb:set package 'tutorial_interfaces' build argument 'cmake_target' from command line to 'None'
[7.061s] Level 5:colcon.colcon_core.verb:set package 'tutorial_interfaces' build argument 'cmake_target_skip_unavailable' from command line to 'False'
[7.061s] Level 5:colcon.colcon_core.verb:set package 'tutorial_interfaces' build argument 'cmake_clean_cache' from command line to 'False'
[7.061s] Level 5:colcon.colcon_core.verb:set package 'tutorial_interfaces' build argument 'cmake_clean_first' from command line to 'False'
[7.061s] Level 5:colcon.colcon_core.verb:set package 'tutorial_interfaces' build argument 'cmake_force_configure' from command line to 'False'
[7.061s] Level 5:colcon.colcon_core.verb:set package 'tutorial_interfaces' build argument 'ament_cmake_args' from command line to 'None'
[7.061s] Level 5:colcon.colcon_core.verb:set package 'tutorial_interfaces' build argument 'catkin_cmake_args' from command line to 'None'
[7.061s] Level 5:colcon.colcon_core.verb:set package 'tutorial_interfaces' build argument 'catkin_skip_building_tests' from command line to 'False'
[7.061s] DEBUG:colcon.colcon_core.verb:Building package 'tutorial_interfaces' with the following arguments: {'ament_cmake_args': None, 'build_base': '/home/siddy/mrt_ws_2/build/tutorial_interfaces', 'catkin_cmake_args': None, 'catkin_skip_building_tests': False, 'cmake_args': None, 'cmake_clean_cache': False, 'cmake_clean_first': False, 'cmake_force_configure': False, 'cmake_target': None, 'cmake_target_skip_unavailable': False, 'install_base': '/home/siddy/mrt_ws_2/install/tutorial_interfaces', 'merge_install': False, 'path': '/home/siddy/mrt_ws_2/src/tutorial_interfaces', 'symlink_install': False, 'test_result_base': None}
[7.162s] Level 5:colcon.colcon_core.verb:set package 'aruco_detect_pkg' build argument 'cmake_args' from command line to 'None'
[7.162s] Level 5:colcon.colcon_core.verb:set package 'aruco_detect_pkg' build argument 'cmake_target' from command line to 'None'
[7.162s] Level 5:colcon.colcon_core.verb:set package 'aruco_detect_pkg' build argument 'cmake_target_skip_unavailable' from command line to 'False'
[7.162s] Level 5:colcon.colcon_core.verb:set package 'aruco_detect_pkg' build argument 'cmake_clean_cache' from command line to 'False'
[7.162s] Level 5:colcon.colcon_core.verb:set package 'aruco_detect_pkg' build argument 'cmake_clean_first' from command line to 'False'
[7.162s] Level 5:colcon.colcon_core.verb:set package 'aruco_detect_pkg' build argument 'cmake_force_configure' from command line to 'False'
[7.162s] Level 5:colcon.colcon_core.verb:set package 'aruco_detect_pkg' build argument 'ament_cmake_args' from command line to 'None'
[7.163s] Level 5:colcon.colcon_core.verb:set package 'aruco_detect_pkg' build argument 'catkin_cmake_args' from command line to 'None'
[7.163s] Level 5:colcon.colcon_core.verb:set package 'aruco_detect_pkg' build argument 'catkin_skip_building_tests' from command line to 'False'
[7.163s] DEBUG:colcon.colcon_core.verb:Building package 'aruco_detect_pkg' with the following arguments: {'ament_cmake_args': None, 'build_base': '/home/siddy/mrt_ws_2/build/aruco_detect_pkg', 'catkin_cmake_args': None, 'catkin_skip_building_tests': False, 'cmake_args': None, 'cmake_clean_cache': False, 'cmake_clean_first': False, 'cmake_force_configure': False, 'cmake_target': None, 'cmake_target_skip_unavailable': False, 'install_base': '/home/siddy/mrt_ws_2/install/aruco_detect_pkg', 'merge_install': False, 'path': '/home/siddy/mrt_ws_2/src/aruco_detect_pkg', 'symlink_install': False, 'test_result_base': None}
[7.286s] INFO:colcon.colcon_core.executor:Executing jobs using 'parallel' executor
[7.372s] DEBUG:colcon.colcon_parallel_executor.executor.parallel:run_until_complete
[7.372s] INFO:colcon.colcon_ros.task.ament_cmake.build:Building ROS package in '/home/siddy/mrt_ws_2/src/tutorial_interfaces' with build type 'ament_cmake'
[7.373s] INFO:colcon.colcon_cmake.task.cmake.build:Building CMake package in '/home/siddy/mrt_ws_2/src/tutorial_interfaces'
[7.485s] INFO:colcon.colcon_core.plugin_system:Skipping extension 'colcon_core.shell.bat': Not used on non-Windows systems
[7.485s] INFO:colcon.colcon_core.shell:Skip shell extension 'powershell' for command environment: Not usable outside of PowerShell
[7.485s] DEBUG:colcon.colcon_core.shell:Skip shell extension 'dsv' for command environment
[8.054s] DEBUG:colcon.colcon_core.event_handler.log_command:Invoking command in '/home/siddy/mrt_ws_2/build/tutorial_interfaces': CMAKE_PREFIX_PATH=${CMAKE_PREFIX_PATH}:/home/siddy/mrt_ws_2/install/aruco_detect_pkg:/home/siddy/mrt_ws/install/siddhanth_s_assn_2:/home/siddy/mrt_ws/install/siddhanth_Shenai_assn_2:/home/siddy/ros2_ws/install/my_robot_controller:/home/siddy/ros2_ws/install/launch_testing_examples:/home/siddy/ros2_ws/install/examples_rclpy_pointcloud_publisher:/home/siddy/ros2_ws/install/examples_rclpy_minimal_subscriber:/home/siddy/ros2_ws/install/examples_rclpy_minimal_service:/home/siddy/ros2_ws/install/examples_rclpy_minimal_publisher:/home/siddy/ros2_ws/install/examples_rclpy_minimal_client:/home/siddy/ros2_ws/install/examples_rclpy_minimal_action_server:/home/siddy/ros2_ws/install/examples_rclpy_minimal_action_client:/home/siddy/ros2_ws/install/examples_rclpy_guard_conditions:/home/siddy/ros2_ws/install/examples_rclpy_executors:/opt/ros/humble /usr/bin/cmake /home/siddy/mrt_ws_2/src/tutorial_interfaces -DCMAKE_INSTALL_PREFIX=/home/siddy/mrt_ws_2/install/tutorial_interfaces
[15.537s] DEBUG:colcon.colcon_core.event_handler.log_command:Invoked command in '/home/siddy/mrt_ws_2/build/tutorial_interfaces' returned '1': CMAKE_PREFIX_PATH=${CMAKE_PREFIX_PATH}:/home/siddy/mrt_ws_2/install/aruco_detect_pkg:/home/siddy/mrt_ws/install/siddhanth_s_assn_2:/home/siddy/mrt_ws/install/siddhanth_Shenai_assn_2:/home/siddy/ros2_ws/install/my_robot_controller:/home/siddy/ros2_ws/install/launch_testing_examples:/home/siddy/ros2_ws/install/examples_rclpy_pointcloud_publisher:/home/siddy/ros2_ws/install/examples_rclpy_minimal_subscriber:/home/siddy/ros2_ws/install/examples_rclpy_minimal_service:/home/siddy/ros2_ws/install/examples_rclpy_minimal_publisher:/home/siddy/ros2_ws/install/examples_rclpy_minimal_client:/home/siddy/ros2_ws/install/examples_rclpy_minimal_action_server:/home/siddy/ros2_ws/install/examples_rclpy_minimal_action_client:/home/siddy/ros2_ws/install/examples_rclpy_guard_conditions:/home/siddy/ros2_ws/install/examples_rclpy_executors:/opt/ros/humble /usr/bin/cmake /home/siddy/mrt_ws_2/src/tutorial_interfaces -DCMAKE_INSTALL_PREFIX=/home/siddy/mrt_ws_2/install/tutorial_interfaces
[15.656s] Level 1:colcon.colcon_core.environment:create_environment_scripts_only(tutorial_interfaces)
[15.771s] Level 1:colcon.colcon_core.environment:checking '/home/siddy/mrt_ws_2/install/tutorial_interfaces' for CMake module files
[15.771s] Level 1:colcon.colcon_core.environment:checking '/home/siddy/mrt_ws_2/install/tutorial_interfaces' for CMake config files
[15.771s] Level 1:colcon.colcon_core.environment:checking '/home/siddy/mrt_ws_2/install/tutorial_interfaces/bin'
[15.772s] Level 1:colcon.colcon_core.environment:checking '/home/siddy/mrt_ws_2/install/tutorial_interfaces/lib/pkgconfig/tutorial_interfaces.pc'
[15.772s] Level 1:colcon.colcon_core.environment:checking '/home/siddy/mrt_ws_2/install/tutorial_interfaces/lib/python3.10/site-packages'
[15.772s] Level 1:colcon.colcon_core.environment:checking '/home/siddy/mrt_ws_2/install/tutorial_interfaces/bin'
[15.877s] INFO:colcon.colcon_core.shell:Creating package script '/home/siddy/mrt_ws_2/install/tutorial_interfaces/share/tutorial_interfaces/package.ps1'
[15.878s] INFO:colcon.colcon_core.shell:Creating package descriptor '/home/siddy/mrt_ws_2/install/tutorial_interfaces/share/tutorial_interfaces/package.dsv'
[15.879s] INFO:colcon.colcon_core.shell:Creating package script '/home/siddy/mrt_ws_2/install/tutorial_interfaces/share/tutorial_interfaces/package.sh'
[15.880s] INFO:colcon.colcon_core.shell:Creating package script '/home/siddy/mrt_ws_2/install/tutorial_interfaces/share/tutorial_interfaces/package.bash'
[15.881s] INFO:colcon.colcon_core.shell:Creating package script '/home/siddy/mrt_ws_2/install/tutorial_interfaces/share/tutorial_interfaces/package.zsh'
[15.882s] Level 1:colcon.colcon_core.environment:create_file_with_runtime_dependencies(/home/siddy/mrt_ws_2/install/tutorial_interfaces/share/colcon-core/packages/tutorial_interfaces)
[15.909s] DEBUG:colcon.colcon_parallel_executor.executor.parallel:closing loop
[15.910s] DEBUG:colcon.colcon_parallel_executor.executor.parallel:loop closed
[15.910s] DEBUG:colcon.colcon_parallel_executor.executor.parallel:run_until_complete finished with '1'
[15.910s] DEBUG:colcon.colcon_core.event_reactor:joining thread
[16.010s] INFO:colcon.colcon_core.plugin_system:Skipping extension 'colcon_notification.desktop_notification.terminal_notifier': Not used on non-Darwin systems
[16.010s] INFO:colcon.colcon_core.plugin_system:Skipping extension 'colcon_notification.desktop_notification.win32': Not used on non-Windows systems
[16.011s] INFO:colcon.colcon_notification.desktop_notification:Sending desktop notification using 'notify2'
[16.093s] DEBUG:colcon.colcon_core.event_reactor:joined thread
[16.277s] INFO:colcon.colcon_core.shell:Creating prefix script '/home/siddy/mrt_ws_2/install/local_setup.ps1'
[16.293s] INFO:colcon.colcon_core.shell:Creating prefix util module '/home/siddy/mrt_ws_2/install/_local_setup_util_ps1.py'
[16.295s] INFO:colcon.colcon_core.shell:Creating prefix chain script '/home/siddy/mrt_ws_2/install/setup.ps1'
[16.404s] INFO:colcon.colcon_core.shell:Creating prefix script '/home/siddy/mrt_ws_2/install/local_setup.sh'
[16.404s] INFO:colcon.colcon_core.shell:Creating prefix util module '/home/siddy/mrt_ws_2/install/_local_setup_util_sh.py'
[16.405s] INFO:colcon.colcon_core.shell:Creating prefix chain script '/home/siddy/mrt_ws_2/install/setup.sh'
[16.498s] INFO:colcon.colcon_core.shell:Creating prefix script '/home/siddy/mrt_ws_2/install/local_setup.bash'
[16.499s] INFO:colcon.colcon_core.shell:Creating prefix chain script '/home/siddy/mrt_ws_2/install/setup.bash'
[16.604s] INFO:colcon.colcon_core.shell:Creating prefix script '/home/siddy/mrt_ws_2/install/local_setup.zsh'
[16.605s] INFO:colcon.colcon_core.shell:Creating prefix chain script '/home/siddy/mrt_ws_2/install/setup.zsh'
