[2.019s] DEBUG:colcon:Command line arguments: ['/usr/bin/colcon', 'build']
[2.020s] DEBUG:colcon:Parsed command line arguments: Namespace(log_base=None, log_level=None, verb_name='build', build_base='build', install_base='install', merge_install=False, symlink_install=False, test_result_base=None, continue_on_error=False, executor='parallel', parallel_workers=1, event_handlers=None, ignore_user_meta=False, metas=['./colcon.meta'], base_paths=['.'], packages_ignore=None, packages_ignore_regex=None, paths=None, packages_up_to=None, packages_up_to_regex=None, packages_above=None, packages_above_and_dependencies=None, packages_above_depth=None, packages_select_by_dep=None, packages_skip_by_dep=None, packages_skip_up_to=None, packages_select_build_failed=False, packages_skip_build_finished=False, packages_select_test_failures=False, packages_skip_test_passed=False, packages_select=None, packages_skip=None, packages_select_regex=None, packages_skip_regex=None, packages_start=None, packages_end=None, allow_overriding=[], cmake_args=None, cmake_target=None, cmake_target_skip_unavailable=False, cmake_clean_cache=False, cmake_clean_first=False, cmake_force_configure=False, ament_cmake_args=None, catkin_cmake_args=None, catkin_skip_building_tests=False, verb_parser=<colcon_defaults.argument_parser.defaults.DefaultArgumentsDecorator object at 0x7bd2a8a8e9b0>, verb_extension=<colcon_core.verb.build.BuildVerb object at 0x7bd2a8a8c850>, main=<bound method BuildVerb.main of <colcon_core.verb.build.BuildVerb object at 0x7bd2a8a8c850>>)
[2.117s] Level 1:colcon.colcon_core.package_discovery:discover_packages(colcon_meta) check parameters
[2.119s] Level 1:colcon.colcon_core.package_discovery:discover_packages(recursive) check parameters
[2.119s] Level 1:colcon.colcon_core.package_discovery:discover_packages(ignore) check parameters
[2.121s] Level 1:colcon.colcon_core.package_discovery:discover_packages(path) check parameters
[2.121s] Level 1:colcon.colcon_core.package_discovery:discover_packages(colcon_meta) discover
[2.121s] Level 1:colcon.colcon_core.package_discovery:discover_packages(recursive) discover
[2.122s] INFO:colcon.colcon_core.package_discovery:Crawling recursively for packages in '/home/siddy/mrt_ws_2'
[2.123s] Level 1:colcon.colcon_core.package_identification:_identify(.) by extensions ['ignore', 'ignore_ament_install']
[2.123s] Level 1:colcon.colcon_core.package_identification:_identify(.) by extension 'ignore'
[2.123s] Level 1:colcon.colcon_core.package_identification:_identify(.) by extension 'ignore_ament_install'
[2.123s] Level 1:colcon.colcon_core.package_identification:_identify(.) by extensions ['colcon_pkg']
[2.124s] Level 1:colcon.colcon_core.package_identification:_identify(.) by extension 'colcon_pkg'
[2.124s] Level 1:colcon.colcon_core.package_identification:_identify(.) by extensions ['colcon_meta']
[2.124s] Level 1:colcon.colcon_core.package_identification:_identify(.) by extension 'colcon_meta'
[2.124s] Level 1:colcon.colcon_core.package_identification:_identify(.) by extensions ['ros']
[2.125s] Level 1:colcon.colcon_core.package_identification:_identify(.) by extension 'ros'
[2.143s] Level 1:colcon.colcon_core.package_identification:_identify(.) by extensions ['cmake', 'python']
[2.143s] Level 1:colcon.colcon_core.package_identification:_identify(.) by extension 'cmake'
[2.143s] Level 1:colcon.colcon_core.package_identification:_identify(.) by extension 'python'
[2.144s] Level 1:colcon.colcon_core.package_identification:_identify(.) by extensions ['python_setup_py']
[2.144s] Level 1:colcon.colcon_core.package_identification:_identify(.) by extension 'python_setup_py'
[2.144s] Level 1:colcon.colcon_core.package_identification:_identify(build) by extensions ['ignore', 'ignore_ament_install']
[2.147s] Level 1:colcon.colcon_core.package_identification:_identify(build) by extension 'ignore'
[2.147s] Level 1:colcon.colcon_core.package_identification:_identify(build) ignored
[2.148s] Level 1:colcon.colcon_core.package_identification:_identify(install) by extensions ['ignore', 'ignore_ament_install']
[2.148s] Level 1:colcon.colcon_core.package_identification:_identify(install) by extension 'ignore'
[2.148s] Level 1:colcon.colcon_core.package_identification:_identify(install) ignored
[2.149s] Level 1:colcon.colcon_core.package_identification:_identify(log) by extensions ['ignore', 'ignore_ament_install']
[2.149s] Level 1:colcon.colcon_core.package_identification:_identify(log) by extension 'ignore'
[2.149s] Level 1:colcon.colcon_core.package_identification:_identify(log) ignored
[2.150s] Level 1:colcon.colcon_core.package_identification:_identify(src) by extensions ['ignore', 'ignore_ament_install']
[2.150s] Level 1:colcon.colcon_core.package_identification:_identify(src) by extension 'ignore'
[2.150s] Level 1:colcon.colcon_core.package_identification:_identify(src) by extension 'ignore_ament_install'
[2.150s] Level 1:colcon.colcon_core.package_identification:_identify(src) by extensions ['colcon_pkg']
[2.151s] Level 1:colcon.colcon_core.package_identification:_identify(src) by extension 'colcon_pkg'
[2.151s] Level 1:colcon.colcon_core.package_identification:_identify(src) by extensions ['colcon_meta']
[2.151s] Level 1:colcon.colcon_core.package_identification:_identify(src) by extension 'colcon_meta'
[2.151s] Level 1:colcon.colcon_core.package_identification:_identify(src) by extensions ['ros']
[2.151s] Level 1:colcon.colcon_core.package_identification:_identify(src) by extension 'ros'
[2.152s] Level 1:colcon.colcon_core.package_identification:_identify(src) by extensions ['cmake', 'python']
[2.152s] Level 1:colcon.colcon_core.package_identification:_identify(src) by extension 'cmake'
[2.152s] Level 1:colcon.colcon_core.package_identification:_identify(src) by extension 'python'
[2.152s] Level 1:colcon.colcon_core.package_identification:_identify(src) by extensions ['python_setup_py']
[2.152s] Level 1:colcon.colcon_core.package_identification:_identify(src) by extension 'python_setup_py'
[2.153s] Level 1:colcon.colcon_core.package_identification:_identify(src/aruco_corners) by extensions ['ignore', 'ignore_ament_install']
[2.153s] Level 1:colcon.colcon_core.package_identification:_identify(src/aruco_corners) by extension 'ignore'
[2.153s] Level 1:colcon.colcon_core.package_identification:_identify(src/aruco_corners) by extension 'ignore_ament_install'
[2.154s] Level 1:colcon.colcon_core.package_identification:_identify(src/aruco_corners) by extensions ['colcon_pkg']
[2.154s] Level 1:colcon.colcon_core.package_identification:_identify(src/aruco_corners) by extension 'colcon_pkg'
[2.154s] Level 1:colcon.colcon_core.package_identification:_identify(src/aruco_corners) by extensions ['colcon_meta']
[2.154s] Level 1:colcon.colcon_core.package_identification:_identify(src/aruco_corners) by extension 'colcon_meta'
[2.155s] Level 1:colcon.colcon_core.package_identification:_identify(src/aruco_corners) by extensions ['ros']
[2.158s] Level 1:colcon.colcon_core.package_identification:_identify(src/aruco_corners) by extension 'ros'
[2.162s] DEBUG:colcon.colcon_core.package_identification:Package 'src/aruco_corners' with type 'ros.ament_cmake' and name 'aruco_corners'
[2.162s] Level 1:colcon.colcon_core.package_identification:_identify(src/aruco_detect_pkg) by extensions ['ignore', 'ignore_ament_install']
[2.162s] Level 1:colcon.colcon_core.package_identification:_identify(src/aruco_detect_pkg) by extension 'ignore'
[2.162s] Level 1:colcon.colcon_core.package_identification:_identify(src/aruco_detect_pkg) by extension 'ignore_ament_install'
[2.162s] Level 1:colcon.colcon_core.package_identification:_identify(src/aruco_detect_pkg) by extensions ['colcon_pkg']
[2.162s] Level 1:colcon.colcon_core.package_identification:_identify(src/aruco_detect_pkg) by extension 'colcon_pkg'
[2.163s] Level 1:colcon.colcon_core.package_identification:_identify(src/aruco_detect_pkg) by extensions ['colcon_meta']
[2.163s] Level 1:colcon.colcon_core.package_identification:_identify(src/aruco_detect_pkg) by extension 'colcon_meta'
[2.163s] Level 1:colcon.colcon_core.package_identification:_identify(src/aruco_detect_pkg) by extensions ['ros']
[2.163s] Level 1:colcon.colcon_core.package_identification:_identify(src/aruco_detect_pkg) by extension 'ros'
[2.163s] DEBUG:colcon.colcon_core.package_identification:Package 'src/aruco_detect_pkg' with type 'ros.ament_python' and name 'aruco_detect_pkg'
[2.164s] Level 1:colcon.colcon_core.package_identification:_identify(src/tutorial_interfaces) by extensions ['ignore', 'ignore_ament_install']
[2.164s] Level 1:colcon.colcon_core.package_identification:_identify(src/tutorial_interfaces) by extension 'ignore'
[2.164s] Level 1:colcon.colcon_core.package_identification:_identify(src/tutorial_interfaces) by extension 'ignore_ament_install'
[2.164s] Level 1:colcon.colcon_core.package_identification:_identify(src/tutorial_interfaces) by extensions ['colcon_pkg']
[2.164s] Level 1:colcon.colcon_core.package_identification:_identify(src/tutorial_interfaces) by extension 'colcon_pkg'
[2.164s] Level 1:colcon.colcon_core.package_identification:_identify(src/tutorial_interfaces) by extensions ['colcon_meta']
[2.164s] Level 1:colcon.colcon_core.package_identification:_identify(src/tutorial_interfaces) by extension 'colcon_meta'
[2.164s] Level 1:colcon.colcon_core.package_identification:_identify(src/tutorial_interfaces) by extensions ['ros']
[2.164s] Level 1:colcon.colcon_core.package_identification:_identify(src/tutorial_interfaces) by extension 'ros'
[2.167s] DEBUG:colcon.colcon_core.package_identification:Package 'src/tutorial_interfaces' with type 'ros.ament_cmake' and name 'tutorial_interfaces'
[2.167s] Level 1:colcon.colcon_core.package_discovery:discover_packages(recursive) using defaults
[2.168s] Level 1:colcon.colcon_core.package_discovery:discover_packages(ignore) discover
[2.168s] Level 1:colcon.colcon_core.package_discovery:discover_packages(ignore) using defaults
[2.168s] Level 1:colcon.colcon_core.package_discovery:discover_packages(path) discover
[2.168s] Level 1:colcon.colcon_core.package_discovery:discover_packages(path) using defaults
[2.367s] Level 1:colcon.colcon_core.package_discovery:discover_packages(prefix_path) check parameters
[2.367s] Level 1:colcon.colcon_core.package_discovery:discover_packages(prefix_path) discover
[2.401s] WARNING:colcon.colcon_ros.prefix_path.ament:The path '/home/siddy/mrt_ws_2/install/aruco_detect_pkg' in the environment variable AMENT_PREFIX_PATH doesn't exist
[2.402s] WARNING:colcon.colcon_ros.prefix_path.ament:The path '/home/siddy/mrt_ws_2/install/aruco_corners' in the environment variable AMENT_PREFIX_PATH doesn't exist
[2.404s] WARNING:colcon.colcon_ros.prefix_path.catkin:The path '/home/siddy/mrt_ws_2/install/aruco_corners' in the environment variable CMAKE_PREFIX_PATH doesn't exist
[2.455s] DEBUG:colcon.colcon_installed_package_information.package_discovery:Found 1 installed packages in /home/siddy/mrt_ws_2/install
[2.507s] DEBUG:colcon.colcon_installed_package_information.package_discovery:Found 4 installed packages in /home/siddy/mrt_ws/install
[2.539s] DEBUG:colcon.colcon_installed_package_information.package_discovery:Found 23 installed packages in /home/siddy/ros2_ws/install
[2.572s] DEBUG:colcon.colcon_installed_package_information.package_discovery:Found 271 installed packages in /opt/ros/humble
[2.575s] Level 1:colcon.colcon_core.package_discovery:discover_packages(prefix_path) using defaults
[3.011s] Level 5:colcon.colcon_core.verb:set package 'aruco_corners' build argument 'cmake_args' from command line to 'None'
[3.013s] Level 5:colcon.colcon_core.verb:set package 'aruco_corners' build argument 'cmake_target' from command line to 'None'
[3.014s] Level 5:colcon.colcon_core.verb:set package 'aruco_corners' build argument 'cmake_target_skip_unavailable' from command line to 'False'
[3.014s] Level 5:colcon.colcon_core.verb:set package 'aruco_corners' build argument 'cmake_clean_cache' from command line to 'False'
[3.014s] Level 5:colcon.colcon_core.verb:set package 'aruco_corners' build argument 'cmake_clean_first' from command line to 'False'
[3.015s] Level 5:colcon.colcon_core.verb:set package 'aruco_corners' build argument 'cmake_force_configure' from command line to 'False'
[3.015s] Level 5:colcon.colcon_core.verb:set package 'aruco_corners' build argument 'ament_cmake_args' from command line to 'None'
[3.016s] Level 5:colcon.colcon_core.verb:set package 'aruco_corners' build argument 'catkin_cmake_args' from command line to 'None'
[3.016s] Level 5:colcon.colcon_core.verb:set package 'aruco_corners' build argument 'catkin_skip_building_tests' from command line to 'False'
[3.016s] DEBUG:colcon.colcon_core.verb:Building package 'aruco_corners' with the following arguments: {'ament_cmake_args': None, 'build_base': '/home/siddy/mrt_ws_2/build/aruco_corners', 'catkin_cmake_args': None, 'catkin_skip_building_tests': False, 'cmake_args': None, 'cmake_clean_cache': False, 'cmake_clean_first': False, 'cmake_force_configure': False, 'cmake_target': None, 'cmake_target_skip_unavailable': False, 'install_base': '/home/siddy/mrt_ws_2/install/aruco_corners', 'merge_install': False, 'path': '/home/siddy/mrt_ws_2/src/aruco_corners', 'symlink_install': False, 'test_result_base': None}
[3.044s] Level 5:colcon.colcon_core.verb:set package 'tutorial_interfaces' build argument 'cmake_args' from command line to 'None'
[3.044s] Level 5:colcon.colcon_core.verb:set package 'tutorial_interfaces' build argument 'cmake_target' from command line to 'None'
[3.044s] Level 5:colcon.colcon_core.verb:set package 'tutorial_interfaces' build argument 'cmake_target_skip_unavailable' from command line to 'False'
[3.045s] Level 5:colcon.colcon_core.verb:set package 'tutorial_interfaces' build argument 'cmake_clean_cache' from command line to 'False'
[3.045s] Level 5:colcon.colcon_core.verb:set package 'tutorial_interfaces' build argument 'cmake_clean_first' from command line to 'False'
[3.045s] Level 5:colcon.colcon_core.verb:set package 'tutorial_interfaces' build argument 'cmake_force_configure' from command line to 'False'
[3.045s] Level 5:colcon.colcon_core.verb:set package 'tutorial_interfaces' build argument 'ament_cmake_args' from command line to 'None'
[3.045s] Level 5:colcon.colcon_core.verb:set package 'tutorial_interfaces' build argument 'catkin_cmake_args' from command line to 'None'
[3.045s] Level 5:colcon.colcon_core.verb:set package 'tutorial_interfaces' build argument 'catkin_skip_building_tests' from command line to 'False'
[3.046s] DEBUG:colcon.colcon_core.verb:Building package 'tutorial_interfaces' with the following arguments: {'ament_cmake_args': None, 'build_base': '/home/siddy/mrt_ws_2/build/tutorial_interfaces', 'catkin_cmake_args': None, 'catkin_skip_building_tests': False, 'cmake_args': None, 'cmake_clean_cache': False, 'cmake_clean_first': False, 'cmake_force_configure': False, 'cmake_target': None, 'cmake_target_skip_unavailable': False, 'install_base': '/home/siddy/mrt_ws_2/install/tutorial_interfaces', 'merge_install': False, 'path': '/home/siddy/mrt_ws_2/src/tutorial_interfaces', 'symlink_install': False, 'test_result_base': None}
[3.075s] Level 5:colcon.colcon_core.verb:set package 'aruco_detect_pkg' build argument 'cmake_args' from command line to 'None'
[3.075s] Level 5:colcon.colcon_core.verb:set package 'aruco_detect_pkg' build argument 'cmake_target' from command line to 'None'
[3.076s] Level 5:colcon.colcon_core.verb:set package 'aruco_detect_pkg' build argument 'cmake_target_skip_unavailable' from command line to 'False'
[3.076s] Level 5:colcon.colcon_core.verb:set package 'aruco_detect_pkg' build argument 'cmake_clean_cache' from command line to 'False'
[3.076s] Level 5:colcon.colcon_core.verb:set package 'aruco_detect_pkg' build argument 'cmake_clean_first' from command line to 'False'
[3.076s] Level 5:colcon.colcon_core.verb:set package 'aruco_detect_pkg' build argument 'cmake_force_configure' from command line to 'False'
[3.076s] Level 5:colcon.colcon_core.verb:set package 'aruco_detect_pkg' build argument 'ament_cmake_args' from command line to 'None'
[3.076s] Level 5:colcon.colcon_core.verb:set package 'aruco_detect_pkg' build argument 'catkin_cmake_args' from command line to 'None'
[3.077s] Level 5:colcon.colcon_core.verb:set package 'aruco_detect_pkg' build argument 'catkin_skip_building_tests' from command line to 'False'
[3.077s] DEBUG:colcon.colcon_core.verb:Building package 'aruco_detect_pkg' with the following arguments: {'ament_cmake_args': None, 'build_base': '/home/siddy/mrt_ws_2/build/aruco_detect_pkg', 'catkin_cmake_args': None, 'catkin_skip_building_tests': False, 'cmake_args': None, 'cmake_clean_cache': False, 'cmake_clean_first': False, 'cmake_force_configure': False, 'cmake_target': None, 'cmake_target_skip_unavailable': False, 'install_base': '/home/siddy/mrt_ws_2/install/aruco_detect_pkg', 'merge_install': False, 'path': '/home/siddy/mrt_ws_2/src/aruco_detect_pkg', 'symlink_install': False, 'test_result_base': None}
[3.107s] INFO:colcon.colcon_core.executor:Executing jobs using 'parallel' executor
[3.135s] DEBUG:colcon.colcon_parallel_executor.executor.parallel:run_until_complete
[3.137s] INFO:colcon.colcon_ros.task.ament_cmake.build:Building ROS package in '/home/siddy/mrt_ws_2/src/tutorial_interfaces' with build type 'ament_cmake'
[3.137s] INFO:colcon.colcon_cmake.task.cmake.build:Building CMake package in '/home/siddy/mrt_ws_2/src/tutorial_interfaces'
[3.197s] INFO:colcon.colcon_core.plugin_system:Skipping extension 'colcon_core.shell.bat': Not used on non-Windows systems
[3.199s] INFO:colcon.colcon_core.shell:Skip shell extension 'powershell' for command environment: Not usable outside of PowerShell
[3.199s] DEBUG:colcon.colcon_core.shell:Skip shell extension 'dsv' for command environment
[3.532s] DEBUG:colcon.colcon_core.event_handler.log_command:Invoking command in '/home/siddy/mrt_ws_2/build/tutorial_interfaces': CMAKE_PREFIX_PATH=${CMAKE_PREFIX_PATH}:/home/siddy/mrt_ws_2/install/aruco_detect_pkg:/home/siddy/mrt_ws/install/siddhanth_s_assn_2:/home/siddy/mrt_ws/install/siddhanth_Shenai_assn_2:/home/siddy/ros2_ws/install/my_robot_controller:/home/siddy/ros2_ws/install/launch_testing_examples:/home/siddy/ros2_ws/install/examples_rclpy_pointcloud_publisher:/home/siddy/ros2_ws/install/examples_rclpy_minimal_subscriber:/home/siddy/ros2_ws/install/examples_rclpy_minimal_service:/home/siddy/ros2_ws/install/examples_rclpy_minimal_publisher:/home/siddy/ros2_ws/install/examples_rclpy_minimal_client:/home/siddy/ros2_ws/install/examples_rclpy_minimal_action_server:/home/siddy/ros2_ws/install/examples_rclpy_minimal_action_client:/home/siddy/ros2_ws/install/examples_rclpy_guard_conditions:/home/siddy/ros2_ws/install/examples_rclpy_executors:/opt/ros/humble /usr/bin/cmake /home/siddy/mrt_ws_2/src/tutorial_interfaces -DCMAKE_INSTALL_PREFIX=/home/siddy/mrt_ws_2/install/tutorial_interfaces
[4.923s] DEBUG:colcon.colcon_core.event_handler.log_command:Invoked command in '/home/siddy/mrt_ws_2/build/tutorial_interfaces' returned '1': CMAKE_PREFIX_PATH=${CMAKE_PREFIX_PATH}:/home/siddy/mrt_ws_2/install/aruco_detect_pkg:/home/siddy/mrt_ws/install/siddhanth_s_assn_2:/home/siddy/mrt_ws/install/siddhanth_Shenai_assn_2:/home/siddy/ros2_ws/install/my_robot_controller:/home/siddy/ros2_ws/install/launch_testing_examples:/home/siddy/ros2_ws/install/examples_rclpy_pointcloud_publisher:/home/siddy/ros2_ws/install/examples_rclpy_minimal_subscriber:/home/siddy/ros2_ws/install/examples_rclpy_minimal_service:/home/siddy/ros2_ws/install/examples_rclpy_minimal_publisher:/home/siddy/ros2_ws/install/examples_rclpy_minimal_client:/home/siddy/ros2_ws/install/examples_rclpy_minimal_action_server:/home/siddy/ros2_ws/install/examples_rclpy_minimal_action_client:/home/siddy/ros2_ws/install/examples_rclpy_guard_conditions:/home/siddy/ros2_ws/install/examples_rclpy_executors:/opt/ros/humble /usr/bin/cmake /home/siddy/mrt_ws_2/src/tutorial_interfaces -DCMAKE_INSTALL_PREFIX=/home/siddy/mrt_ws_2/install/tutorial_interfaces
[4.960s] Level 1:colcon.colcon_core.environment:create_environment_scripts_only(tutorial_interfaces)
[5.012s] Level 1:colcon.colcon_core.environment:checking '/home/siddy/mrt_ws_2/install/tutorial_interfaces' for CMake module files
[5.013s] Level 1:colcon.colcon_core.environment:checking '/home/siddy/mrt_ws_2/install/tutorial_interfaces' for CMake config files
[5.014s] Level 1:colcon.colcon_core.environment:checking '/home/siddy/mrt_ws_2/install/tutorial_interfaces/bin'
[5.014s] Level 1:colcon.colcon_core.environment:checking '/home/siddy/mrt_ws_2/install/tutorial_interfaces/lib/pkgconfig/tutorial_interfaces.pc'
[5.014s] Level 1:colcon.colcon_core.environment:checking '/home/siddy/mrt_ws_2/install/tutorial_interfaces/lib/python3.10/site-packages'
[5.015s] Level 1:colcon.colcon_core.environment:checking '/home/siddy/mrt_ws_2/install/tutorial_interfaces/bin'
[5.043s] INFO:colcon.colcon_core.shell:Creating package script '/home/siddy/mrt_ws_2/install/tutorial_interfaces/share/tutorial_interfaces/package.ps1'
[5.046s] INFO:colcon.colcon_core.shell:Creating package descriptor '/home/siddy/mrt_ws_2/install/tutorial_interfaces/share/tutorial_interfaces/package.dsv'
[5.047s] INFO:colcon.colcon_core.shell:Creating package script '/home/siddy/mrt_ws_2/install/tutorial_interfaces/share/tutorial_interfaces/package.sh'
[5.049s] INFO:colcon.colcon_core.shell:Creating package script '/home/siddy/mrt_ws_2/install/tutorial_interfaces/share/tutorial_interfaces/package.bash'
[5.051s] INFO:colcon.colcon_core.shell:Creating package script '/home/siddy/mrt_ws_2/install/tutorial_interfaces/share/tutorial_interfaces/package.zsh'
[5.054s] Level 1:colcon.colcon_core.environment:create_file_with_runtime_dependencies(/home/siddy/mrt_ws_2/install/tutorial_interfaces/share/colcon-core/packages/tutorial_interfaces)
[5.059s] DEBUG:colcon.colcon_parallel_executor.executor.parallel:closing loop
[5.059s] DEBUG:colcon.colcon_parallel_executor.executor.parallel:loop closed
[5.060s] DEBUG:colcon.colcon_parallel_executor.executor.parallel:run_until_complete finished with '1'
[5.060s] DEBUG:colcon.colcon_core.event_reactor:joining thread
[5.186s] INFO:colcon.colcon_core.plugin_system:Skipping extension 'colcon_notification.desktop_notification.terminal_notifier': Not used on non-Darwin systems
[5.187s] INFO:colcon.colcon_core.plugin_system:Skipping extension 'colcon_notification.desktop_notification.win32': Not used on non-Windows systems
[5.188s] INFO:colcon.colcon_notification.desktop_notification:Sending desktop notification using 'notify2'
[5.213s] DEBUG:colcon.colcon_core.event_reactor:joined thread
[5.278s] INFO:colcon.colcon_core.shell:Creating prefix script '/home/siddy/mrt_ws_2/install/local_setup.ps1'
[5.289s] INFO:colcon.colcon_core.shell:Creating prefix util module '/home/siddy/mrt_ws_2/install/_local_setup_util_ps1.py'
[5.307s] INFO:colcon.colcon_core.shell:Creating prefix chain script '/home/siddy/mrt_ws_2/install/setup.ps1'
[5.407s] INFO:colcon.colcon_core.shell:Creating prefix script '/home/siddy/mrt_ws_2/install/local_setup.sh'
[5.410s] INFO:colcon.colcon_core.shell:Creating prefix util module '/home/siddy/mrt_ws_2/install/_local_setup_util_sh.py'
[5.413s] INFO:colcon.colcon_core.shell:Creating prefix chain script '/home/siddy/mrt_ws_2/install/setup.sh'
[5.483s] INFO:colcon.colcon_core.shell:Creating prefix script '/home/siddy/mrt_ws_2/install/local_setup.bash'
[5.487s] INFO:colcon.colcon_core.shell:Creating prefix chain script '/home/siddy/mrt_ws_2/install/setup.bash'
[5.561s] INFO:colcon.colcon_core.shell:Creating prefix script '/home/siddy/mrt_ws_2/install/local_setup.zsh'
[5.564s] INFO:colcon.colcon_core.shell:Creating prefix chain script '/home/siddy/mrt_ws_2/install/setup.zsh'
